


ARM Macro Assembler    Page 1 


    1 00000000         
    2 00000000         ;*******************************************************
                       ********************************
    3 00000000         ; Amount of memory (in bytes) allocated for Stack and He
                       ap
    4 00000000         ; Tailor those values to your application needs         
                        
    5 00000000         ;*******************************************************
                       ********************************
    6 00000000 00000400 
                       Stack_Size
                               EQU              0x400
    7 00000000 00000200 
                       Heap_Size
                               EQU              0x200
    8 00000000         
    9 00000000         ;*******************************************************
                       ************************
   10 00000000         ; Allocate space for the Stack
   11 00000000         ;*******************************************************
                       ************************
   12 00000000                 AREA             STACK, NOINIT, READWRITE, ALIGN
=3
   13 00000000         
   14 00000000         Stack
   15 00000000                 SPACE            Stack_Size
   16 00000400         
   17 00000400         ;*******************************************************
                       ************************
   18 00000400         ; Allocate space for the Heap
   19 00000400         ;*******************************************************
                       ************************
   20 00000400                 AREA             HEAP, NOINIT, READWRITE, ALIGN=
3
   21 00000000         
   22 00000000         Heap
   23 00000000                 SPACE            Heap_Size
   24 00000200         
   25 00000200         ;*******************************************************
                       *************************
   26 00000200         ;*  Declarations for the interrupt handlers that are use
                       d by the application.                                   
                                                         
   27 00000200         ;*******************************************************
                       *************************
   28 00000200                 IMPORT           __main
   29 00000200         
   30 00000200                 IMPORT           OSPendSV
   31 00000200                 IMPORT           SysTickHandler
   32 00000200                 IMPORT           WWDG_IRQHandler
   33 00000200                 IMPORT           PVD_IRQHandler
   34 00000200                 IMPORT           TAMPER_IRQHandler
   35 00000200                 IMPORT           RTC_IRQHandler
   36 00000200                 IMPORT           FLASH_IRQHandler
   37 00000200                 IMPORT           RCC_IRQHandler
   38 00000200                 IMPORT           EXTI0_IRQHandler
   39 00000200                 IMPORT           EXTI1_IRQHandler
   40 00000200                 IMPORT           EXTI2_IRQHandler
   41 00000200                 IMPORT           EXTI3_IRQHandler



ARM Macro Assembler    Page 2 


   42 00000200                 IMPORT           EXTI4_IRQHandler
   43 00000200                 IMPORT           DMAChannel1_IRQHandler
   44 00000200                 IMPORT           DMAChannel2_IRQHandler
   45 00000200                 IMPORT           DMAChannel3_IRQHandler
   46 00000200                 IMPORT           DMAChannel4_IRQHandler
   47 00000200                 IMPORT           DMAChannel5_IRQHandler
   48 00000200                 IMPORT           DMAChannel6_IRQHandler
   49 00000200                 IMPORT           DMAChannel7_IRQHandler
   50 00000200                 IMPORT           ADC_IRQHandler
   51 00000200                 IMPORT           USB_HP_CAN_TX_IRQHandler
   52 00000200                 IMPORT           USB_LP_CAN_RX0_IRQHandler
   53 00000200                 IMPORT           CAN_RX1_IRQHandler
   54 00000200                 IMPORT           CAN_SCE_IRQHandler
   55 00000200                 IMPORT           EXTI9_5_IRQHandler
   56 00000200                 IMPORT           TIM1_BRK_IRQHandler
   57 00000200                 IMPORT           TIM1_UP_IRQHandler
   58 00000200                 IMPORT           TIM1_TRG_COM_IRQHandler
   59 00000200                 IMPORT           TIM1_CC_IRQHandler
   60 00000200                 IMPORT           TIM2_IRQHandler
   61 00000200                 IMPORT           TIM3_IRQHandler
   62 00000200                 IMPORT           TIM4_IRQHandler
   63 00000200                 IMPORT           I2C1_EV_IRQHandler
   64 00000200                 IMPORT           I2C1_ER_IRQHandler
   65 00000200                 IMPORT           I2C2_EV_IRQHandler
   66 00000200                 IMPORT           I2C2_ER_IRQHandler
   67 00000200                 IMPORT           SPI1_IRQHandler
   68 00000200                 IMPORT           SPI2_IRQHandler
   69 00000200                 IMPORT           USART1_IRQHandler
   70 00000200                 IMPORT           USART2_IRQHandler
   71 00000200                 IMPORT           USART3_IRQHandler
   72 00000200                 IMPORT           EXTI15_10_IRQHandler
   73 00000200                 IMPORT           RTCAlarm_IRQHandler
   74 00000200                 IMPORT           USBWakeUp_IRQHandler
   75 00000200         
   76 00000200                 IMPORT           TIM8_BRK_IRQHandler 
                                                            ; TIM8 Break
   77 00000200                 IMPORT           TIM8_UP_IRQHandler 
                                                            ; TIM8 Update
   78 00000200                 IMPORT           TIM8_TRG_COM_IRQHandler ; TIM8 
                                                            Trigger and Commuta
                                                            tion
   79 00000200                 IMPORT           TIM8_CC_IRQHandler ; TIM8 Captu
                                                            re Compare
   80 00000200                 IMPORT           ADC3_IRQHandler ; ADC3
   81 00000200                 IMPORT           FSMC_IRQHandler ; FSMC
   82 00000200                 IMPORT           SDIO_IRQHandler ; SDIO
   83 00000200                 IMPORT           TIM5_IRQHandler ; TIM5
   84 00000200                 IMPORT           SPI3_IRQHandler ; SPI3
   85 00000200                 IMPORT           UART4_IRQHandler ; UART4
   86 00000200                 IMPORT           UART5_IRQHandler ; UART5
   87 00000200                 IMPORT           TIM6_IRQHandler ; TIM6
   88 00000200                 IMPORT           TIM7_IRQHandler ; TIM7
   89 00000200                 IMPORT           DMA2_Channel1_IRQHandler 
                                                            ; DMA2 Channel1
   90 00000200                 IMPORT           DMA2_Channel2_IRQHandler 
                                                            ; DMA2 Channel2
   91 00000200                 IMPORT           DMA2_Channel3_IRQHandler 
                                                            ; DMA2 Channel3
   92 00000200                 IMPORT           DMA2_Channel4_5_IRQHandler ; DM



ARM Macro Assembler    Page 3 


                                                            A2 Channel4 & Chann
                                                            el5
   93 00000200         
   94 00000200         
   95 00000200                 PRESERVE8
   96 00000200         
   97 00000200         ;*******************************************************
                       ***************************
   98 00000200         ;*  Reset code section.                                 
                                                                               
                                         
   99 00000200         ;*******************************************************
                       ***************************
  100 00000200                 AREA             RESET, CODE, READONLY
  101 00000000                 THUMB
  102 00000000         
  103 00000000         ;*******************************************************
                       ************************
  104 00000000         ; Fill-up the Vector Table entries with the exceptions I
                       SR address
  105 00000000         ;*******************************************************
                       ************************
  106 00000000                 EXPORT           __Vectors
  107 00000000         __Vectors
  108 00000000 00000400        DCD              Stack + Stack_Size 
                                                            ; Top of Stack
  109 00000004 00000000        DCD              Reset_Handler
  110 00000008 00000000        DCD              NMIException
  111 0000000C 00000000        DCD              HardFaultException
  112 00000010 00000000        DCD              MemManageException
  113 00000014 00000000        DCD              BusFaultException
  114 00000018 00000000        DCD              UsageFaultException
  115 0000001C 00000000        DCD              0           ; Reserved
  116 00000020 00000000        DCD              0           ; Reserved
  117 00000024 00000000        DCD              0           ; Reserved
  118 00000028 00000000        DCD              0           ; Reserved
  119 0000002C 00000000        DCD              SVCHandler
  120 00000030 00000000        DCD              DebugMonitor
  121 00000034 00000000        DCD              0           ; Reserved
  122 00000038 00000000        DCD              OSPendSV
  123 0000003C 00000000        DCD              SysTickHandler
  124 00000040 00000000        DCD              WWDG_IRQHandler
  125 00000044 00000000        DCD              PVD_IRQHandler
  126 00000048 00000000        DCD              TAMPER_IRQHandler
  127 0000004C 00000000        DCD              RTC_IRQHandler
  128 00000050 00000000        DCD              FLASH_IRQHandler
  129 00000054 00000000        DCD              RCC_IRQHandler
  130 00000058 00000000        DCD              EXTI0_IRQHandler
  131 0000005C 00000000        DCD              EXTI1_IRQHandler
  132 00000060 00000000        DCD              EXTI2_IRQHandler
  133 00000064 00000000        DCD              EXTI3_IRQHandler
  134 00000068 00000000        DCD              EXTI4_IRQHandler
  135 0000006C 00000000        DCD              DMAChannel1_IRQHandler
  136 00000070 00000000        DCD              DMAChannel2_IRQHandler
  137 00000074 00000000        DCD              DMAChannel3_IRQHandler
  138 00000078 00000000        DCD              DMAChannel4_IRQHandler
  139 0000007C 00000000        DCD              DMAChannel5_IRQHandler
  140 00000080 00000000        DCD              DMAChannel6_IRQHandler
  141 00000084 00000000        DCD              DMAChannel7_IRQHandler



ARM Macro Assembler    Page 4 


  142 00000088 00000000        DCD              ADC_IRQHandler
  143 0000008C 00000000        DCD              USB_HP_CAN_TX_IRQHandler
  144 00000090 00000000        DCD              USB_LP_CAN_RX0_IRQHandler
  145 00000094 00000000        DCD              CAN_RX1_IRQHandler
  146 00000098 00000000        DCD              CAN_SCE_IRQHandler
  147 0000009C 00000000        DCD              EXTI9_5_IRQHandler
  148 000000A0 00000000        DCD              TIM1_BRK_IRQHandler
  149 000000A4 00000000        DCD              TIM1_UP_IRQHandler
  150 000000A8 00000000        DCD              TIM1_TRG_COM_IRQHandler
  151 000000AC 00000000        DCD              TIM1_CC_IRQHandler
  152 000000B0 00000000        DCD              TIM2_IRQHandler
  153 000000B4 00000000        DCD              TIM3_IRQHandler
  154 000000B8 00000000        DCD              TIM4_IRQHandler
  155 000000BC 00000000        DCD              I2C1_EV_IRQHandler
  156 000000C0 00000000        DCD              I2C1_ER_IRQHandler
  157 000000C4 00000000        DCD              I2C2_EV_IRQHandler
  158 000000C8 00000000        DCD              I2C2_ER_IRQHandler
  159 000000CC 00000000        DCD              SPI1_IRQHandler
  160 000000D0 00000000        DCD              SPI2_IRQHandler
  161 000000D4 00000000        DCD              USART1_IRQHandler
  162 000000D8 00000000        DCD              USART2_IRQHandler
  163 000000DC 00000000        DCD              USART3_IRQHandler
  164 000000E0 00000000        DCD              EXTI15_10_IRQHandler
  165 000000E4 00000000        DCD              RTCAlarm_IRQHandler
  166 000000E8 00000000        DCD              USBWakeUp_IRQHandler
  167 000000EC         
  168 000000EC 00000000        DCD              TIM8_BRK_IRQHandler 
                                                            ; TIM8 Break
  169 000000F0 00000000        DCD              TIM8_UP_IRQHandler 
                                                            ; TIM8 Update
  170 000000F4 00000000        DCD              TIM8_TRG_COM_IRQHandler ; TIM8 
                                                            Trigger and Commuta
                                                            tion
  171 000000F8 00000000        DCD              TIM8_CC_IRQHandler ; TIM8 Captu
                                                            re Compare
  172 000000FC 00000000        DCD              ADC3_IRQHandler ; ADC3
  173 00000100 00000000        DCD              FSMC_IRQHandler ; FSMC
  174 00000104 00000000        DCD              SDIO_IRQHandler ; SDIO
  175 00000108 00000000        DCD              TIM5_IRQHandler ; TIM5
  176 0000010C 00000000        DCD              SPI3_IRQHandler ; SPI3
  177 00000110 00000000        DCD              UART4_IRQHandler ; UART4
  178 00000114 00000000        DCD              UART5_IRQHandler ; UART5
  179 00000118 00000000        DCD              TIM6_IRQHandler ; TIM6
  180 0000011C 00000000        DCD              TIM7_IRQHandler ; TIM7
  181 00000120 00000000        DCD              DMA2_Channel1_IRQHandler 
                                                            ; DMA2 Channel1
  182 00000124 00000000        DCD              DMA2_Channel2_IRQHandler 
                                                            ; DMA2 Channel2
  183 00000128 00000000        DCD              DMA2_Channel3_IRQHandler 
                                                            ; DMA2 Channel3
  184 0000012C 00000000        DCD              DMA2_Channel4_5_IRQHandler ; DM
                                                            A2 Channel4 & Chann
                                                            el5
  185 00000130         
  186 00000130         ;*******************************************************
                       ***********************************
  187 00000130         ;*  Reset entry
  188 00000130         ;*******************************************************
                       ***********************************



ARM Macro Assembler    Page 5 


  189 00000130                 EXPORT           Reset_Handler
  190 00000130         Reset_Handler
  191 00000130                 IMPORT           __main
  192 00000130 4804            LDR              R0, =__main
  193 00000132 4700            BX               R0
  194 00000134         
  195 00000134         
  196 00000134         ;*******************************************************
                       ***********************************
  197 00000134         ;*  NMI exception handler. 
  198 00000134         ;*  It simply enters an infinite loop.
  199 00000134         ;*******************************************************
                       ***********************************
  200 00000134         NMIException
  201 00000134 E7FE            B                NMIException
  202 00000136         
  203 00000136         
  204 00000136         ;*******************************************************
                       ***********************************
  205 00000136         ;*  Fault interrupt handler. 
  206 00000136         ;*  It simply enters an infinite loop.
  207 00000136         ;*******************************************************
                       ***********************************
  208 00000136         HardFaultException
  209 00000136 E7FE            B                HardFaultException
  210 00000138         
  211 00000138         ;*******************************************************
                       ***********************************
  212 00000138         ;*  MemManage interrupt handler. 
  213 00000138         ;*  It simply enters an infinite loop.
  214 00000138         ;*******************************************************
                       ***********************************
  215 00000138         MemManageException
  216 00000138 E7FE            B                MemManageException
  217 0000013A         
  218 0000013A         ;*******************************************************
                       ***********************************
  219 0000013A         ;*  Bus Fault interrupt handler. 
  220 0000013A         ;*  It simply enters an infinite loop.
  221 0000013A         ;*******************************************************
                       ***********************************
  222 0000013A         BusFaultException
  223 0000013A E7FE            B                BusFaultException
  224 0000013C         
  225 0000013C         ;*******************************************************
                       ***********************************
  226 0000013C         ;*  UsageFault interrupt handler. 
  227 0000013C         ;*  It simply enters an infinite loop.
  228 0000013C         ;*******************************************************
                       ***********************************
  229 0000013C         UsageFaultException
  230 0000013C E7FE            B                UsageFaultException
  231 0000013E         
  232 0000013E         ;*******************************************************
                       ***********************************
  233 0000013E         ;*  DebugMonitor interrupt handler. 
  234 0000013E         ;*  It simply enters an infinite loop.
  235 0000013E         ;*******************************************************
                       ***********************************



ARM Macro Assembler    Page 6 


  236 0000013E         DebugMonitor
  237 0000013E E7FE            B                DebugMonitor
  238 00000140         
  239 00000140         ;*******************************************************
                       ***********************************
  240 00000140         ;*  SVCall interrupt handler. 
  241 00000140         ;*  It simply enters an infinite loop.
  242 00000140         ;*******************************************************
                       ***********************************
  243 00000140         SVCHandler
  244 00000140 E7FE            B                SVCHandler
  245 00000142         
  246 00000142         
  247 00000142         
  248 00000142         ;*******************************************************
                       ************************************
  249 00000142         ;*  Make sure the end of this section is aligned.
  250 00000142         ;*******************************************************
                       ************************************
  251 00000142 00 00           ALIGN
  252 00000144         
  253 00000144         
  254 00000144         ;*******************************************************
                       *************************************
  255 00000144         ;*  Code section for initializing the heap and stack    
                                                                               
                                                                     
  256 00000144         ;*******************************************************
                       *************************************
  257 00000144 00000000        AREA             |.text|, CODE, READONLY
  258 00000000         
  259 00000000         
  260 00000000         ;*******************************************************
                       *************************************
  261 00000000         ;*  The function expected of the C library startup 
  262 00000000         ;*  code for defining the stack and heap memory location
                       s. 
  263 00000000         ;*******************************************************
                       *************************************
  264 00000000                 IMPORT           __use_two_region_memory
  265 00000000                 EXPORT           __user_initial_stackheap
  266 00000000         __user_initial_stackheap
  267 00000000 4802            LDR              R0, =Heap
  268 00000002 4903            LDR              R1, =(Stack + Stack_Size)
  269 00000004 4A03            LDR              R2, =(Heap + Heap_Size)
  270 00000006 4B04            LDR              R3, =Stack
  271 00000008 4770            BX               LR
  272 0000000A         
  273 0000000A         ;*******************************************************
                       ***********************************
  274 0000000A         ;*  Make sure the end of this section is aligned.
  275 0000000A         ;*******************************************************
                       ***********************************
  276 0000000A 00 00           ALIGN
  277 0000000C         
  278 0000000C         
  279 0000000C         ;*******************************************************
                       ************************************
  280 0000000C         ;*  End Of File                                         



ARM Macro Assembler    Page 7 


                                   
  281 0000000C         ;*******************************************************
                       ************************************
  282 0000000C                 END
              00000000 
              00000400 
              00000200 
              00000000 
Command Line: --debug --xref --cpu=Cortex-M3 --apcs=interwork --depend=.\output
\stm32f10x_startup.d -o.\output\stm32f10x_startup.o -IC:\Keil\ARM\RV31\INC -IC:
\Keil\ARM\CMSIS\Include -IC:\Keil\ARM\Inc\ST\STM32F10x --list=.\stm32f10x_start
up.lst Source\StartUp\stm32f10x_startup.s



ARM Macro Assembler    Page 1 Alphabetic symbol ordering
Relocatable symbols

STACK 00000000

Symbol: STACK
   Definitions
      At line 12 in file Source\StartUp\stm32f10x_startup.s
   Uses
      None
Comment: STACK unused
Stack 00000000

Symbol: Stack
   Definitions
      At line 14 in file Source\StartUp\stm32f10x_startup.s
   Uses
      At line 108 in file Source\StartUp\stm32f10x_startup.s
      At line 268 in file Source\StartUp\stm32f10x_startup.s
      At line 270 in file Source\StartUp\stm32f10x_startup.s

2 symbols



ARM Macro Assembler    Page 1 Alphabetic symbol ordering
Relocatable symbols

HEAP 00000000

Symbol: HEAP
   Definitions
      At line 20 in file Source\StartUp\stm32f10x_startup.s
   Uses
      None
Comment: HEAP unused
Heap 00000000

Symbol: Heap
   Definitions
      At line 22 in file Source\StartUp\stm32f10x_startup.s
   Uses
      At line 267 in file Source\StartUp\stm32f10x_startup.s
      At line 269 in file Source\StartUp\stm32f10x_startup.s

2 symbols



ARM Macro Assembler    Page 1 Alphabetic symbol ordering
Relocatable symbols

BusFaultException 0000013A

Symbol: BusFaultException
   Definitions
      At line 222 in file Source\StartUp\stm32f10x_startup.s
   Uses
      At line 113 in file Source\StartUp\stm32f10x_startup.s
      At line 223 in file Source\StartUp\stm32f10x_startup.s

DebugMonitor 0000013E

Symbol: DebugMonitor
   Definitions
      At line 236 in file Source\StartUp\stm32f10x_startup.s
   Uses
      At line 120 in file Source\StartUp\stm32f10x_startup.s
      At line 237 in file Source\StartUp\stm32f10x_startup.s

HardFaultException 00000136

Symbol: HardFaultException
   Definitions
      At line 208 in file Source\StartUp\stm32f10x_startup.s
   Uses
      At line 111 in file Source\StartUp\stm32f10x_startup.s
      At line 209 in file Source\StartUp\stm32f10x_startup.s

MemManageException 00000138

Symbol: MemManageException
   Definitions
      At line 215 in file Source\StartUp\stm32f10x_startup.s
   Uses
      At line 112 in file Source\StartUp\stm32f10x_startup.s
      At line 216 in file Source\StartUp\stm32f10x_startup.s

NMIException 00000134

Symbol: NMIException
   Definitions
      At line 200 in file Source\StartUp\stm32f10x_startup.s
   Uses
      At line 110 in file Source\StartUp\stm32f10x_startup.s
      At line 201 in file Source\StartUp\stm32f10x_startup.s

RESET 00000000

Symbol: RESET
   Definitions
      At line 100 in file Source\StartUp\stm32f10x_startup.s
   Uses
      None
Comment: RESET unused
Reset_Handler 00000130

Symbol: Reset_Handler
   Definitions
      At line 190 in file Source\StartUp\stm32f10x_startup.s
   Uses



ARM Macro Assembler    Page 2 Alphabetic symbol ordering
Relocatable symbols

      At line 109 in file Source\StartUp\stm32f10x_startup.s
      At line 189 in file Source\StartUp\stm32f10x_startup.s

SVCHandler 00000140

Symbol: SVCHandler
   Definitions
      At line 243 in file Source\StartUp\stm32f10x_startup.s
   Uses
      At line 119 in file Source\StartUp\stm32f10x_startup.s
      At line 244 in file Source\StartUp\stm32f10x_startup.s

UsageFaultException 0000013C

Symbol: UsageFaultException
   Definitions
      At line 229 in file Source\StartUp\stm32f10x_startup.s
   Uses
      At line 114 in file Source\StartUp\stm32f10x_startup.s
      At line 230 in file Source\StartUp\stm32f10x_startup.s

__Vectors 00000000

Symbol: __Vectors
   Definitions
      At line 107 in file Source\StartUp\stm32f10x_startup.s
   Uses
      At line 106 in file Source\StartUp\stm32f10x_startup.s
Comment: __Vectors used once
10 symbols



ARM Macro Assembler    Page 1 Alphabetic symbol ordering
Relocatable symbols

.text 00000000

Symbol: .text
   Definitions
      At line 257 in file Source\StartUp\stm32f10x_startup.s
   Uses
      None
Comment: .text unused
__user_initial_stackheap 00000000

Symbol: __user_initial_stackheap
   Definitions
      At line 266 in file Source\StartUp\stm32f10x_startup.s
   Uses
      At line 265 in file Source\StartUp\stm32f10x_startup.s
Comment: __user_initial_stackheap used once
2 symbols



ARM Macro Assembler    Page 1 Alphabetic symbol ordering
Absolute symbols

Heap_Size 00000200

Symbol: Heap_Size
   Definitions
      At line 7 in file Source\StartUp\stm32f10x_startup.s
   Uses
      At line 23 in file Source\StartUp\stm32f10x_startup.s
      At line 269 in file Source\StartUp\stm32f10x_startup.s

Stack_Size 00000400

Symbol: Stack_Size
   Definitions
      At line 6 in file Source\StartUp\stm32f10x_startup.s
   Uses
      At line 15 in file Source\StartUp\stm32f10x_startup.s
      At line 108 in file Source\StartUp\stm32f10x_startup.s
      At line 268 in file Source\StartUp\stm32f10x_startup.s

2 symbols



ARM Macro Assembler    Page 1 Alphabetic symbol ordering
External symbols

ADC3_IRQHandler 00000000

Symbol: ADC3_IRQHandler
   Definitions
      At line 80 in file Source\StartUp\stm32f10x_startup.s
   Uses
      At line 172 in file Source\StartUp\stm32f10x_startup.s
Comment: ADC3_IRQHandler used once
ADC_IRQHandler 00000000

Symbol: ADC_IRQHandler
   Definitions
      At line 50 in file Source\StartUp\stm32f10x_startup.s
   Uses
      At line 142 in file Source\StartUp\stm32f10x_startup.s
Comment: ADC_IRQHandler used once
CAN_RX1_IRQHandler 00000000

Symbol: CAN_RX1_IRQHandler
   Definitions
      At line 53 in file Source\StartUp\stm32f10x_startup.s
   Uses
      At line 145 in file Source\StartUp\stm32f10x_startup.s
Comment: CAN_RX1_IRQHandler used once
CAN_SCE_IRQHandler 00000000

Symbol: CAN_SCE_IRQHandler
   Definitions
      At line 54 in file Source\StartUp\stm32f10x_startup.s
   Uses
      At line 146 in file Source\StartUp\stm32f10x_startup.s
Comment: CAN_SCE_IRQHandler used once
DMA2_Channel1_IRQHandler 00000000

Symbol: DMA2_Channel1_IRQHandler
   Definitions
      At line 89 in file Source\StartUp\stm32f10x_startup.s
   Uses
      At line 181 in file Source\StartUp\stm32f10x_startup.s
Comment: DMA2_Channel1_IRQHandler used once
DMA2_Channel2_IRQHandler 00000000

Symbol: DMA2_Channel2_IRQHandler
   Definitions
      At line 90 in file Source\StartUp\stm32f10x_startup.s
   Uses
      At line 182 in file Source\StartUp\stm32f10x_startup.s
Comment: DMA2_Channel2_IRQHandler used once
DMA2_Channel3_IRQHandler 00000000

Symbol: DMA2_Channel3_IRQHandler
   Definitions
      At line 91 in file Source\StartUp\stm32f10x_startup.s
   Uses
      At line 183 in file Source\StartUp\stm32f10x_startup.s
Comment: DMA2_Channel3_IRQHandler used once
DMA2_Channel4_5_IRQHandler 00000000

Symbol: DMA2_Channel4_5_IRQHandler



ARM Macro Assembler    Page 2 Alphabetic symbol ordering
External symbols

   Definitions
      At line 92 in file Source\StartUp\stm32f10x_startup.s
   Uses
      At line 184 in file Source\StartUp\stm32f10x_startup.s
Comment: DMA2_Channel4_5_IRQHandler used once
DMAChannel1_IRQHandler 00000000

Symbol: DMAChannel1_IRQHandler
   Definitions
      At line 43 in file Source\StartUp\stm32f10x_startup.s
   Uses
      At line 135 in file Source\StartUp\stm32f10x_startup.s
Comment: DMAChannel1_IRQHandler used once
DMAChannel2_IRQHandler 00000000

Symbol: DMAChannel2_IRQHandler
   Definitions
      At line 44 in file Source\StartUp\stm32f10x_startup.s
   Uses
      At line 136 in file Source\StartUp\stm32f10x_startup.s
Comment: DMAChannel2_IRQHandler used once
DMAChannel3_IRQHandler 00000000

Symbol: DMAChannel3_IRQHandler
   Definitions
      At line 45 in file Source\StartUp\stm32f10x_startup.s
   Uses
      At line 137 in file Source\StartUp\stm32f10x_startup.s
Comment: DMAChannel3_IRQHandler used once
DMAChannel4_IRQHandler 00000000

Symbol: DMAChannel4_IRQHandler
   Definitions
      At line 46 in file Source\StartUp\stm32f10x_startup.s
   Uses
      At line 138 in file Source\StartUp\stm32f10x_startup.s
Comment: DMAChannel4_IRQHandler used once
DMAChannel5_IRQHandler 00000000

Symbol: DMAChannel5_IRQHandler
   Definitions
      At line 47 in file Source\StartUp\stm32f10x_startup.s
   Uses
      At line 139 in file Source\StartUp\stm32f10x_startup.s
Comment: DMAChannel5_IRQHandler used once
DMAChannel6_IRQHandler 00000000

Symbol: DMAChannel6_IRQHandler
   Definitions
      At line 48 in file Source\StartUp\stm32f10x_startup.s
   Uses
      At line 140 in file Source\StartUp\stm32f10x_startup.s
Comment: DMAChannel6_IRQHandler used once
DMAChannel7_IRQHandler 00000000

Symbol: DMAChannel7_IRQHandler
   Definitions
      At line 49 in file Source\StartUp\stm32f10x_startup.s
   Uses



ARM Macro Assembler    Page 3 Alphabetic symbol ordering
External symbols

      At line 141 in file Source\StartUp\stm32f10x_startup.s
Comment: DMAChannel7_IRQHandler used once
EXTI0_IRQHandler 00000000

Symbol: EXTI0_IRQHandler
   Definitions
      At line 38 in file Source\StartUp\stm32f10x_startup.s
   Uses
      At line 130 in file Source\StartUp\stm32f10x_startup.s
Comment: EXTI0_IRQHandler used once
EXTI15_10_IRQHandler 00000000

Symbol: EXTI15_10_IRQHandler
   Definitions
      At line 72 in file Source\StartUp\stm32f10x_startup.s
   Uses
      At line 164 in file Source\StartUp\stm32f10x_startup.s
Comment: EXTI15_10_IRQHandler used once
EXTI1_IRQHandler 00000000

Symbol: EXTI1_IRQHandler
   Definitions
      At line 39 in file Source\StartUp\stm32f10x_startup.s
   Uses
      At line 131 in file Source\StartUp\stm32f10x_startup.s
Comment: EXTI1_IRQHandler used once
EXTI2_IRQHandler 00000000

Symbol: EXTI2_IRQHandler
   Definitions
      At line 40 in file Source\StartUp\stm32f10x_startup.s
   Uses
      At line 132 in file Source\StartUp\stm32f10x_startup.s
Comment: EXTI2_IRQHandler used once
EXTI3_IRQHandler 00000000

Symbol: EXTI3_IRQHandler
   Definitions
      At line 41 in file Source\StartUp\stm32f10x_startup.s
   Uses
      At line 133 in file Source\StartUp\stm32f10x_startup.s
Comment: EXTI3_IRQHandler used once
EXTI4_IRQHandler 00000000

Symbol: EXTI4_IRQHandler
   Definitions
      At line 42 in file Source\StartUp\stm32f10x_startup.s
   Uses
      At line 134 in file Source\StartUp\stm32f10x_startup.s
Comment: EXTI4_IRQHandler used once
EXTI9_5_IRQHandler 00000000

Symbol: EXTI9_5_IRQHandler
   Definitions
      At line 55 in file Source\StartUp\stm32f10x_startup.s
   Uses
      At line 147 in file Source\StartUp\stm32f10x_startup.s
Comment: EXTI9_5_IRQHandler used once
FLASH_IRQHandler 00000000



ARM Macro Assembler    Page 4 Alphabetic symbol ordering
External symbols


Symbol: FLASH_IRQHandler
   Definitions
      At line 36 in file Source\StartUp\stm32f10x_startup.s
   Uses
      At line 128 in file Source\StartUp\stm32f10x_startup.s
Comment: FLASH_IRQHandler used once
FSMC_IRQHandler 00000000

Symbol: FSMC_IRQHandler
   Definitions
      At line 81 in file Source\StartUp\stm32f10x_startup.s
   Uses
      At line 173 in file Source\StartUp\stm32f10x_startup.s
Comment: FSMC_IRQHandler used once
I2C1_ER_IRQHandler 00000000

Symbol: I2C1_ER_IRQHandler
   Definitions
      At line 64 in file Source\StartUp\stm32f10x_startup.s
   Uses
      At line 156 in file Source\StartUp\stm32f10x_startup.s
Comment: I2C1_ER_IRQHandler used once
I2C1_EV_IRQHandler 00000000

Symbol: I2C1_EV_IRQHandler
   Definitions
      At line 63 in file Source\StartUp\stm32f10x_startup.s
   Uses
      At line 155 in file Source\StartUp\stm32f10x_startup.s
Comment: I2C1_EV_IRQHandler used once
I2C2_ER_IRQHandler 00000000

Symbol: I2C2_ER_IRQHandler
   Definitions
      At line 66 in file Source\StartUp\stm32f10x_startup.s
   Uses
      At line 158 in file Source\StartUp\stm32f10x_startup.s
Comment: I2C2_ER_IRQHandler used once
I2C2_EV_IRQHandler 00000000

Symbol: I2C2_EV_IRQHandler
   Definitions
      At line 65 in file Source\StartUp\stm32f10x_startup.s
   Uses
      At line 157 in file Source\StartUp\stm32f10x_startup.s
Comment: I2C2_EV_IRQHandler used once
OSPendSV 00000000

Symbol: OSPendSV
   Definitions
      At line 30 in file Source\StartUp\stm32f10x_startup.s
   Uses
      At line 122 in file Source\StartUp\stm32f10x_startup.s
Comment: OSPendSV used once
PVD_IRQHandler 00000000

Symbol: PVD_IRQHandler
   Definitions



ARM Macro Assembler    Page 5 Alphabetic symbol ordering
External symbols

      At line 33 in file Source\StartUp\stm32f10x_startup.s
   Uses
      At line 125 in file Source\StartUp\stm32f10x_startup.s
Comment: PVD_IRQHandler used once
RCC_IRQHandler 00000000

Symbol: RCC_IRQHandler
   Definitions
      At line 37 in file Source\StartUp\stm32f10x_startup.s
   Uses
      At line 129 in file Source\StartUp\stm32f10x_startup.s
Comment: RCC_IRQHandler used once
RTCAlarm_IRQHandler 00000000

Symbol: RTCAlarm_IRQHandler
   Definitions
      At line 73 in file Source\StartUp\stm32f10x_startup.s
   Uses
      At line 165 in file Source\StartUp\stm32f10x_startup.s
Comment: RTCAlarm_IRQHandler used once
RTC_IRQHandler 00000000

Symbol: RTC_IRQHandler
   Definitions
      At line 35 in file Source\StartUp\stm32f10x_startup.s
   Uses
      At line 127 in file Source\StartUp\stm32f10x_startup.s
Comment: RTC_IRQHandler used once
SDIO_IRQHandler 00000000

Symbol: SDIO_IRQHandler
   Definitions
      At line 82 in file Source\StartUp\stm32f10x_startup.s
   Uses
      At line 174 in file Source\StartUp\stm32f10x_startup.s
Comment: SDIO_IRQHandler used once
SPI1_IRQHandler 00000000

Symbol: SPI1_IRQHandler
   Definitions
      At line 67 in file Source\StartUp\stm32f10x_startup.s
   Uses
      At line 159 in file Source\StartUp\stm32f10x_startup.s
Comment: SPI1_IRQHandler used once
SPI2_IRQHandler 00000000

Symbol: SPI2_IRQHandler
   Definitions
      At line 68 in file Source\StartUp\stm32f10x_startup.s
   Uses
      At line 160 in file Source\StartUp\stm32f10x_startup.s
Comment: SPI2_IRQHandler used once
SPI3_IRQHandler 00000000

Symbol: SPI3_IRQHandler
   Definitions
      At line 84 in file Source\StartUp\stm32f10x_startup.s
   Uses
      At line 176 in file Source\StartUp\stm32f10x_startup.s



ARM Macro Assembler    Page 6 Alphabetic symbol ordering
External symbols

Comment: SPI3_IRQHandler used once
SysTickHandler 00000000

Symbol: SysTickHandler
   Definitions
      At line 31 in file Source\StartUp\stm32f10x_startup.s
   Uses
      At line 123 in file Source\StartUp\stm32f10x_startup.s
Comment: SysTickHandler used once
TAMPER_IRQHandler 00000000

Symbol: TAMPER_IRQHandler
   Definitions
      At line 34 in file Source\StartUp\stm32f10x_startup.s
   Uses
      At line 126 in file Source\StartUp\stm32f10x_startup.s
Comment: TAMPER_IRQHandler used once
TIM1_BRK_IRQHandler 00000000

Symbol: TIM1_BRK_IRQHandler
   Definitions
      At line 56 in file Source\StartUp\stm32f10x_startup.s
   Uses
      At line 148 in file Source\StartUp\stm32f10x_startup.s
Comment: TIM1_BRK_IRQHandler used once
TIM1_CC_IRQHandler 00000000

Symbol: TIM1_CC_IRQHandler
   Definitions
      At line 59 in file Source\StartUp\stm32f10x_startup.s
   Uses
      At line 151 in file Source\StartUp\stm32f10x_startup.s
Comment: TIM1_CC_IRQHandler used once
TIM1_TRG_COM_IRQHandler 00000000

Symbol: TIM1_TRG_COM_IRQHandler
   Definitions
      At line 58 in file Source\StartUp\stm32f10x_startup.s
   Uses
      At line 150 in file Source\StartUp\stm32f10x_startup.s
Comment: TIM1_TRG_COM_IRQHandler used once
TIM1_UP_IRQHandler 00000000

Symbol: TIM1_UP_IRQHandler
   Definitions
      At line 57 in file Source\StartUp\stm32f10x_startup.s
   Uses
      At line 149 in file Source\StartUp\stm32f10x_startup.s
Comment: TIM1_UP_IRQHandler used once
TIM2_IRQHandler 00000000

Symbol: TIM2_IRQHandler
   Definitions
      At line 60 in file Source\StartUp\stm32f10x_startup.s
   Uses
      At line 152 in file Source\StartUp\stm32f10x_startup.s
Comment: TIM2_IRQHandler used once
TIM3_IRQHandler 00000000




ARM Macro Assembler    Page 7 Alphabetic symbol ordering
External symbols

Symbol: TIM3_IRQHandler
   Definitions
      At line 61 in file Source\StartUp\stm32f10x_startup.s
   Uses
      At line 153 in file Source\StartUp\stm32f10x_startup.s
Comment: TIM3_IRQHandler used once
TIM4_IRQHandler 00000000

Symbol: TIM4_IRQHandler
   Definitions
      At line 62 in file Source\StartUp\stm32f10x_startup.s
   Uses
      At line 154 in file Source\StartUp\stm32f10x_startup.s
Comment: TIM4_IRQHandler used once
TIM5_IRQHandler 00000000

Symbol: TIM5_IRQHandler
   Definitions
      At line 83 in file Source\StartUp\stm32f10x_startup.s
   Uses
      At line 175 in file Source\StartUp\stm32f10x_startup.s
Comment: TIM5_IRQHandler used once
TIM6_IRQHandler 00000000

Symbol: TIM6_IRQHandler
   Definitions
      At line 87 in file Source\StartUp\stm32f10x_startup.s
   Uses
      At line 179 in file Source\StartUp\stm32f10x_startup.s
Comment: TIM6_IRQHandler used once
TIM7_IRQHandler 00000000

Symbol: TIM7_IRQHandler
   Definitions
      At line 88 in file Source\StartUp\stm32f10x_startup.s
   Uses
      At line 180 in file Source\StartUp\stm32f10x_startup.s
Comment: TIM7_IRQHandler used once
TIM8_BRK_IRQHandler 00000000

Symbol: TIM8_BRK_IRQHandler
   Definitions
      At line 76 in file Source\StartUp\stm32f10x_startup.s
   Uses
      At line 168 in file Source\StartUp\stm32f10x_startup.s
Comment: TIM8_BRK_IRQHandler used once
TIM8_CC_IRQHandler 00000000

Symbol: TIM8_CC_IRQHandler
   Definitions
      At line 79 in file Source\StartUp\stm32f10x_startup.s
   Uses
      At line 171 in file Source\StartUp\stm32f10x_startup.s
Comment: TIM8_CC_IRQHandler used once
TIM8_TRG_COM_IRQHandler 00000000

Symbol: TIM8_TRG_COM_IRQHandler
   Definitions
      At line 78 in file Source\StartUp\stm32f10x_startup.s



ARM Macro Assembler    Page 8 Alphabetic symbol ordering
External symbols

   Uses
      At line 170 in file Source\StartUp\stm32f10x_startup.s
Comment: TIM8_TRG_COM_IRQHandler used once
TIM8_UP_IRQHandler 00000000

Symbol: TIM8_UP_IRQHandler
   Definitions
      At line 77 in file Source\StartUp\stm32f10x_startup.s
   Uses
      At line 169 in file Source\StartUp\stm32f10x_startup.s
Comment: TIM8_UP_IRQHandler used once
UART4_IRQHandler 00000000

Symbol: UART4_IRQHandler
   Definitions
      At line 85 in file Source\StartUp\stm32f10x_startup.s
   Uses
      At line 177 in file Source\StartUp\stm32f10x_startup.s
Comment: UART4_IRQHandler used once
UART5_IRQHandler 00000000

Symbol: UART5_IRQHandler
   Definitions
      At line 86 in file Source\StartUp\stm32f10x_startup.s
   Uses
      At line 178 in file Source\StartUp\stm32f10x_startup.s
Comment: UART5_IRQHandler used once
USART1_IRQHandler 00000000

Symbol: USART1_IRQHandler
   Definitions
      At line 69 in file Source\StartUp\stm32f10x_startup.s
   Uses
      At line 161 in file Source\StartUp\stm32f10x_startup.s
Comment: USART1_IRQHandler used once
USART2_IRQHandler 00000000

Symbol: USART2_IRQHandler
   Definitions
      At line 70 in file Source\StartUp\stm32f10x_startup.s
   Uses
      At line 162 in file Source\StartUp\stm32f10x_startup.s
Comment: USART2_IRQHandler used once
USART3_IRQHandler 00000000

Symbol: USART3_IRQHandler
   Definitions
      At line 71 in file Source\StartUp\stm32f10x_startup.s
   Uses
      At line 163 in file Source\StartUp\stm32f10x_startup.s
Comment: USART3_IRQHandler used once
USBWakeUp_IRQHandler 00000000

Symbol: USBWakeUp_IRQHandler
   Definitions
      At line 74 in file Source\StartUp\stm32f10x_startup.s
   Uses
      At line 166 in file Source\StartUp\stm32f10x_startup.s
Comment: USBWakeUp_IRQHandler used once



ARM Macro Assembler    Page 9 Alphabetic symbol ordering
External symbols

USB_HP_CAN_TX_IRQHandler 00000000

Symbol: USB_HP_CAN_TX_IRQHandler
   Definitions
      At line 51 in file Source\StartUp\stm32f10x_startup.s
   Uses
      At line 143 in file Source\StartUp\stm32f10x_startup.s
Comment: USB_HP_CAN_TX_IRQHandler used once
USB_LP_CAN_RX0_IRQHandler 00000000

Symbol: USB_LP_CAN_RX0_IRQHandler
   Definitions
      At line 52 in file Source\StartUp\stm32f10x_startup.s
   Uses
      At line 144 in file Source\StartUp\stm32f10x_startup.s
Comment: USB_LP_CAN_RX0_IRQHandler used once
WWDG_IRQHandler 00000000

Symbol: WWDG_IRQHandler
   Definitions
      At line 32 in file Source\StartUp\stm32f10x_startup.s
   Uses
      At line 124 in file Source\StartUp\stm32f10x_startup.s
Comment: WWDG_IRQHandler used once
__main 00000000

Symbol: __main
   Definitions
      At line 28 in file Source\StartUp\stm32f10x_startup.s
      At line 191 in file Source\StartUp\stm32f10x_startup.s
   Uses
      At line 192 in file Source\StartUp\stm32f10x_startup.s
Warning: __main multiply definedComment: __main used once
__use_two_region_memory 00000000

Symbol: __use_two_region_memory
   Definitions
      At line 264 in file Source\StartUp\stm32f10x_startup.s
   Uses
      None
Comment: __use_two_region_memory unused
64 symbols
416 symbols in table
